{"numFailedTestSuites":0,"numFailedTests":0,"numPassedTestSuites":3,"numPassedTests":17,"numPendingTestSuites":0,"numPendingTests":0,"numRuntimeErrorTestSuites":0,"numTodoTests":0,"numTotalTestSuites":3,"numTotalTests":17,"openHandles":[],"snapshot":{"added":0,"didUpdate":false,"failure":false,"filesAdded":0,"filesRemoved":0,"filesRemovedList":[],"filesUnmatched":0,"filesUpdated":0,"matched":15,"total":15,"unchecked":0,"uncheckedKeysByFile":[],"unmatched":0,"updated":0},"startTime":1627043246943,"success":true,"testResults":[{"assertionResults":[{"ancestorTitles":[],"failureMessages":[],"fullName":"renders pinned tasks at the start of the list","location":null,"status":"passed","title":"renders pinned tasks at the start of the list"}],"endTime":1627043250096,"message":"","name":"C:\\Users\\Bexie\\Documents\\javascript-work\\storybook-learning\\src\\components\\taskbox\\TaskList.test.js","startTime":1627043248077,"status":"passed","summary":""},{"assertionResults":[{"ancestorTitles":[],"failureMessages":[],"fullName":"renders learn react link","location":null,"status":"passed","title":"renders learn react link"}],"endTime":1627043251141,"message":"","name":"C:\\Users\\Bexie\\Documents\\javascript-work\\storybook-learning\\src\\App.test.js","startTime":1627043248079,"status":"passed","summary":""},{"assertionResults":[{"ancestorTitles":["Storyshots","DisplayResults/BootstrapAccordion"],"failureMessages":[],"fullName":"Storyshots DisplayResults/BootstrapAccordion Default","location":null,"status":"passed","title":"Default"},{"ancestorTitles":["Storyshots","DisplayResults/MUIAccordion"],"failureMessages":[],"fullName":"Storyshots DisplayResults/MUIAccordion Default","location":null,"status":"passed","title":"Default"},{"ancestorTitles":["Storyshots","DisplayResults/MUIAccordion"],"failureMessages":[],"fullName":"Storyshots DisplayResults/MUIAccordion Multiple","location":null,"status":"passed","title":"Multiple"},{"ancestorTitles":["Storyshots","Navigation/NavBar"],"failureMessages":[],"fullName":"Storyshots Navigation/NavBar Default","location":null,"status":"passed","title":"Default"},{"ancestorTitles":["Storyshots","Navigation/NavBarItem"],"failureMessages":[],"fullName":"Storyshots Navigation/NavBarItem Default","location":null,"status":"passed","title":"Default"},{"ancestorTitles":["Storyshots","TaskBox/InboxScreen"],"failureMessages":[],"fullName":"Storyshots TaskBox/InboxScreen Default","location":null,"status":"passed","title":"Default"},{"ancestorTitles":["Storyshots","TaskBox/InboxScreen"],"failureMessages":[],"fullName":"Storyshots TaskBox/InboxScreen Error","location":null,"status":"passed","title":"Error"},{"ancestorTitles":["Storyshots","TaskBox/Task"],"failureMessages":[],"fullName":"Storyshots TaskBox/Task Default","location":null,"status":"passed","title":"Default"},{"ancestorTitles":["Storyshots","TaskBox/Task"],"failureMessages":[],"fullName":"Storyshots TaskBox/Task Pinned","location":null,"status":"passed","title":"Pinned"},{"ancestorTitles":["Storyshots","TaskBox/Task"],"failureMessages":[],"fullName":"Storyshots TaskBox/Task Archived","location":null,"status":"passed","title":"Archived"},{"ancestorTitles":["Storyshots","TaskBox/Task"],"failureMessages":[],"fullName":"Storyshots TaskBox/Task Long Title","location":null,"status":"passed","title":"Long Title"},{"ancestorTitles":["Storyshots","TaskBox/TaskList"],"failureMessages":[],"fullName":"Storyshots TaskBox/TaskList Default","location":null,"status":"passed","title":"Default"},{"ancestorTitles":["Storyshots","TaskBox/TaskList"],"failureMessages":[],"fullName":"Storyshots TaskBox/TaskList With Pinned Tasks","location":null,"status":"passed","title":"With Pinned Tasks"},{"ancestorTitles":["Storyshots","TaskBox/TaskList"],"failureMessages":[],"fullName":"Storyshots TaskBox/TaskList Loading","location":null,"status":"passed","title":"Loading"},{"ancestorTitles":["Storyshots","TaskBox/TaskList"],"failureMessages":[],"fullName":"Storyshots TaskBox/TaskList Empty","location":null,"status":"passed","title":"Empty"}],"endTime":1627043252104,"message":"","name":"C:\\Users\\Bexie\\Documents\\javascript-work\\storybook-learning\\src\\storybook.test.js","startTime":1627043248087,"status":"passed","summary":""}],"wasInterrupted":false,"coverageMap":{"C:\\Users\\Bexie\\Documents\\javascript-work\\storybook-learning\\src\\components\\taskbox\\Task.js":{"path":"C:\\Users\\Bexie\\Documents\\javascript-work\\storybook-learning\\src\\components\\taskbox\\Task.js","statementMap":{"0":{"start":{"line":5,"column":2},"end":{"line":35,"column":4}},"1":{"start":{"line":14,"column":57},"end":{"line":14,"column":74}},"2":{"start":{"line":26,"column":49},"end":{"line":26,"column":72}},"3":{"start":{"line":29,"column":28},"end":{"line":29,"column":41}},"4":{"start":{"line":38,"column":0},"end":{"line":52,"column":2}}},"fnMap":{"0":{"name":"Task","decl":{"start":{"line":4,"column":24},"end":{"line":4,"column":28}},"loc":{"start":{"line":4,"column":87},"end":{"line":36,"column":1}},"line":4},"1":{"name":"(anonymous_1)","decl":{"start":{"line":14,"column":51},"end":{"line":14,"column":52}},"loc":{"start":{"line":14,"column":57},"end":{"line":14,"column":74}},"line":14},"2":{"name":"(anonymous_2)","decl":{"start":{"line":26,"column":40},"end":{"line":26,"column":41}},"loc":{"start":{"line":26,"column":49},"end":{"line":26,"column":72}},"line":26},"3":{"name":"(anonymous_3)","decl":{"start":{"line":29,"column":22},"end":{"line":29,"column":23}},"loc":{"start":{"line":29,"column":28},"end":{"line":29,"column":41}},"line":29}},"branchMap":{"0":{"loc":{"start":{"line":27,"column":9},"end":{"line":32,"column":9}},"type":"binary-expr","locations":[{"start":{"line":27,"column":9},"end":{"line":27,"column":34}},{"start":{"line":29,"column":10},"end":{"line":31,"column":14}}],"line":27}},"s":{"0":38,"1":0,"2":0,"3":0,"4":3},"f":{"0":38,"1":0,"2":0,"3":0},"b":{"0":[38,37]},"_coverageSchema":"1a1c01bbd47fc00a2c39e90264f33305004495a9","hash":"ccde0525104cf0631362a05d1b8004d59ac2d838"},"C:\\Users\\Bexie\\Documents\\javascript-work\\storybook-learning\\src\\components\\taskbox\\TaskList.js":{"path":"C:\\Users\\Bexie\\Documents\\javascript-work\\storybook-learning\\src\\components\\taskbox\\TaskList.js","statementMap":{"0":{"start":{"line":9,"column":17},"end":{"line":12,"column":3}},"1":{"start":{"line":15,"column":4},"end":{"line":20,"column":10}},"2":{"start":{"line":22,"column":2},"end":{"line":33,"column":3}},"3":{"start":{"line":23,"column":4},"end":{"line":32,"column":6}},"4":{"start":{"line":34,"column":2},"end":{"line":44,"column":3}},"5":{"start":{"line":35,"column":4},"end":{"line":43,"column":6}},"6":{"start":{"line":45,"column":23},"end":{"line":48,"column":3}},"7":{"start":{"line":46,"column":25},"end":{"line":46,"column":50}},"8":{"start":{"line":47,"column":25},"end":{"line":47,"column":50}},"9":{"start":{"line":49,"column":2},"end":{"line":55,"column":4}},"10":{"start":{"line":52,"column":8},"end":{"line":52,"column":54}},"11":{"start":{"line":58,"column":0},"end":{"line":67,"column":2}},"12":{"start":{"line":68,"column":0},"end":{"line":70,"column":2}},"13":{"start":{"line":73,"column":18},"end":{"line":75,"column":3}},"14":{"start":{"line":74,"column":29},"end":{"line":74,"column":82}},"15":{"start":{"line":76,"column":15},"end":{"line":79,"column":3}},"16":{"start":{"line":77,"column":25},"end":{"line":77,"column":50}},"17":{"start":{"line":78,"column":21},"end":{"line":78,"column":42}}},"fnMap":{"0":{"name":"PureTaskList","decl":{"start":{"line":8,"column":16},"end":{"line":8,"column":28}},"loc":{"start":{"line":8,"column":75},"end":{"line":56,"column":1}},"line":8},"1":{"name":"(anonymous_1)","decl":{"start":{"line":46,"column":20},"end":{"line":46,"column":21}},"loc":{"start":{"line":46,"column":25},"end":{"line":46,"column":50}},"line":46},"2":{"name":"(anonymous_2)","decl":{"start":{"line":47,"column":20},"end":{"line":47,"column":21}},"loc":{"start":{"line":47,"column":25},"end":{"line":47,"column":50}},"line":47},"3":{"name":"(anonymous_3)","decl":{"start":{"line":51,"column":24},"end":{"line":51,"column":25}},"loc":{"start":{"line":52,"column":8},"end":{"line":52,"column":54}},"line":52},"4":{"name":"(anonymous_4)","decl":{"start":{"line":73,"column":2},"end":{"line":73,"column":3}},"loc":{"start":{"line":73,"column":18},"end":{"line":75,"column":3}},"line":73},"5":{"name":"(anonymous_5)","decl":{"start":{"line":74,"column":24},"end":{"line":74,"column":25}},"loc":{"start":{"line":74,"column":29},"end":{"line":74,"column":82}},"line":74},"6":{"name":"(anonymous_6)","decl":{"start":{"line":76,"column":2},"end":{"line":76,"column":3}},"loc":{"start":{"line":76,"column":15},"end":{"line":79,"column":3}},"line":76},"7":{"name":"(anonymous_7)","decl":{"start":{"line":77,"column":19},"end":{"line":77,"column":20}},"loc":{"start":{"line":77,"column":25},"end":{"line":77,"column":50}},"line":77},"8":{"name":"(anonymous_8)","decl":{"start":{"line":78,"column":15},"end":{"line":78,"column":16}},"loc":{"start":{"line":78,"column":21},"end":{"line":78,"column":42}},"line":78}},"branchMap":{"0":{"loc":{"start":{"line":22,"column":2},"end":{"line":33,"column":3}},"type":"if","locations":[{"start":{"line":22,"column":2},"end":{"line":33,"column":3}},{"start":{"line":22,"column":2},"end":{"line":33,"column":3}}],"line":22},"1":{"loc":{"start":{"line":34,"column":2},"end":{"line":44,"column":3}},"type":"if","locations":[{"start":{"line":34,"column":2},"end":{"line":44,"column":3}},{"start":{"line":34,"column":2},"end":{"line":44,"column":3}}],"line":34},"2":{"loc":{"start":{"line":74,"column":29},"end":{"line":74,"column":82}},"type":"binary-expr","locations":[{"start":{"line":74,"column":29},"end":{"line":74,"column":53}},{"start":{"line":74,"column":57},"end":{"line":74,"column":82}}],"line":74}},"s":{"0":8,"1":8,"2":8,"3":1,"4":7,"5":1,"6":6,"7":34,"8":34,"9":6,"10":34,"11":3,"12":3,"13":3,"14":16,"15":2,"16":0,"17":0},"f":{"0":8,"1":34,"2":34,"3":34,"4":3,"5":16,"6":2,"7":0,"8":0},"b":{"0":[1,7],"1":[1,6],"2":[16,0]},"_coverageSchema":"1a1c01bbd47fc00a2c39e90264f33305004495a9","hash":"9c2bcac294f4a2418307bbbcb12862e20a74139f"},"C:\\Users\\Bexie\\Documents\\javascript-work\\storybook-learning\\src\\components\\taskbox\\Task.stories.js":{"path":"C:\\Users\\Bexie\\Documents\\javascript-work\\storybook-learning\\src\\components\\taskbox\\Task.stories.js","statementMap":{"0":{"start":{"line":10,"column":17},"end":{"line":10,"column":43}},"1":{"start":{"line":10,"column":25},"end":{"line":10,"column":43}},"2":{"start":{"line":12,"column":23},"end":{"line":12,"column":40}},"3":{"start":{"line":13,"column":0},"end":{"line":20,"column":2}},"4":{"start":{"line":22,"column":22},"end":{"line":22,"column":39}},"5":{"start":{"line":23,"column":0},"end":{"line":28,"column":2}},"6":{"start":{"line":30,"column":24},"end":{"line":30,"column":41}},"7":{"start":{"line":31,"column":0},"end":{"line":36,"column":2}},"8":{"start":{"line":38,"column":24},"end":{"line":38,"column":288}},"9":{"start":{"line":40,"column":25},"end":{"line":40,"column":42}},"10":{"start":{"line":41,"column":0},"end":{"line":46,"column":2}}},"fnMap":{"0":{"name":"(anonymous_0)","decl":{"start":{"line":10,"column":17},"end":{"line":10,"column":18}},"loc":{"start":{"line":10,"column":25},"end":{"line":10,"column":43}},"line":10}},"branchMap":{},"s":{"0":2,"1":4,"2":2,"3":2,"4":2,"5":2,"6":2,"7":2,"8":2,"9":2,"10":2},"f":{"0":4},"b":{},"_coverageSchema":"1a1c01bbd47fc00a2c39e90264f33305004495a9","hash":"5a0639b04a1883a9d8f1c01e3df8aaaf08d7d1bd"},"C:\\Users\\Bexie\\Documents\\javascript-work\\storybook-learning\\src\\components\\taskbox\\TaskList.stories.js":{"path":"C:\\Users\\Bexie\\Documents\\javascript-work\\storybook-learning\\src\\components\\taskbox\\TaskList.stories.js","statementMap":{"0":{"start":{"line":11,"column":48},"end":{"line":11,"column":96}},"1":{"start":{"line":14,"column":17},"end":{"line":14,"column":51}},"2":{"start":{"line":14,"column":25},"end":{"line":14,"column":51}},"3":{"start":{"line":16,"column":23},"end":{"line":16,"column":40}},"4":{"start":{"line":17,"column":0},"end":{"line":28,"column":2}},"5":{"start":{"line":30,"column":31},"end":{"line":30,"column":48}},"6":{"start":{"line":31,"column":0},"end":{"line":38,"column":2}},"7":{"start":{"line":39,"column":0},"end":{"line":41,"column":1}},"8":{"start":{"line":43,"column":23},"end":{"line":43,"column":40}},"9":{"start":{"line":44,"column":0},"end":{"line":47,"column":2}},"10":{"start":{"line":49,"column":21},"end":{"line":49,"column":38}},"11":{"start":{"line":50,"column":0},"end":{"line":55,"column":2}}},"fnMap":{"0":{"name":"(anonymous_0)","decl":{"start":{"line":11,"column":39},"end":{"line":11,"column":40}},"loc":{"start":{"line":11,"column":48},"end":{"line":11,"column":96}},"line":11},"1":{"name":"(anonymous_1)","decl":{"start":{"line":14,"column":17},"end":{"line":14,"column":18}},"loc":{"start":{"line":14,"column":25},"end":{"line":14,"column":51}},"line":14}},"branchMap":{},"s":{"0":5,"1":2,"2":5,"3":2,"4":2,"5":2,"6":2,"7":2,"8":2,"9":2,"10":2,"11":2},"f":{"0":5,"1":5},"b":{},"_coverageSchema":"1a1c01bbd47fc00a2c39e90264f33305004495a9","hash":"807d4f2a4b93b72507b3d701edcdf4e60cf27812"},"C:\\Users\\Bexie\\Documents\\javascript-work\\storybook-learning\\src\\components\\taskbox\\InboxScreen.js":{"path":"C:\\Users\\Bexie\\Documents\\javascript-work\\storybook-learning\\src\\components\\taskbox\\InboxScreen.js","statementMap":{"0":{"start":{"line":9,"column":2},"end":{"line":19,"column":3}},"1":{"start":{"line":10,"column":4},"end":{"line":18,"column":6}},"2":{"start":{"line":20,"column":2},"end":{"line":24,"column":4}},"3":{"start":{"line":27,"column":0},"end":{"line":30,"column":2}},"4":{"start":{"line":32,"column":0},"end":{"line":34,"column":2}},"5":{"start":{"line":36,"column":39},"end":{"line":36,"column":48}}},"fnMap":{"0":{"name":"PureInboxScreen","decl":{"start":{"line":8,"column":16},"end":{"line":8,"column":31}},"loc":{"start":{"line":8,"column":43},"end":{"line":25,"column":1}},"line":8},"1":{"name":"(anonymous_1)","decl":{"start":{"line":36,"column":23},"end":{"line":36,"column":24}},"loc":{"start":{"line":36,"column":39},"end":{"line":36,"column":48}},"line":36}},"branchMap":{"0":{"loc":{"start":{"line":9,"column":2},"end":{"line":19,"column":3}},"type":"if","locations":[{"start":{"line":9,"column":2},"end":{"line":19,"column":3}},{"start":{"line":9,"column":2},"end":{"line":19,"column":3}}],"line":9}},"s":{"0":3,"1":1,"2":2,"3":2,"4":2,"5":1},"f":{"0":3,"1":1},"b":{"0":[1,2]},"_coverageSchema":"1a1c01bbd47fc00a2c39e90264f33305004495a9","hash":"46d4d21cb50c8041f42e3a66cbc2ac2c7de7b27b"},"C:\\Users\\Bexie\\Documents\\javascript-work\\storybook-learning\\src\\components\\displayResults\\AccordionItemContent.js":{"path":"C:\\Users\\Bexie\\Documents\\javascript-work\\storybook-learning\\src\\components\\displayResults\\AccordionItemContent.js","statementMap":{"0":{"start":{"line":9,"column":2},"end":{"line":15,"column":4}},"1":{"start":{"line":18,"column":0},"end":{"line":24,"column":2}}},"fnMap":{"0":{"name":"AccordionItem","decl":{"start":{"line":8,"column":24},"end":{"line":8,"column":37}},"loc":{"start":{"line":8,"column":58},"end":{"line":16,"column":1}},"line":8}},"branchMap":{},"s":{"0":2,"1":2},"f":{"0":2},"b":{},"_coverageSchema":"1a1c01bbd47fc00a2c39e90264f33305004495a9","hash":"d4b2c399a9a403a9dee58d27288ac7206a859e19"},"C:\\Users\\Bexie\\Documents\\javascript-work\\storybook-learning\\src\\components\\displayResults\\AccordionItemWrapper.js":{"path":"C:\\Users\\Bexie\\Documents\\javascript-work\\storybook-learning\\src\\components\\displayResults\\AccordionItemWrapper.js","statementMap":{"0":{"start":{"line":9,"column":2},"end":{"line":18,"column":4}},"1":{"start":{"line":15,"column":8},"end":{"line":15,"column":71}},"2":{"start":{"line":21,"column":0},"end":{"line":27,"column":2}}},"fnMap":{"0":{"name":"AccordionItemWrapper","decl":{"start":{"line":8,"column":24},"end":{"line":8,"column":44}},"loc":{"start":{"line":8,"column":116},"end":{"line":19,"column":1}},"line":8},"1":{"name":"(anonymous_1)","decl":{"start":{"line":14,"column":17},"end":{"line":14,"column":18}},"loc":{"start":{"line":15,"column":8},"end":{"line":15,"column":71}},"line":15}},"branchMap":{},"s":{"0":1,"1":2,"2":2},"f":{"0":1,"1":2},"b":{},"_coverageSchema":"1a1c01bbd47fc00a2c39e90264f33305004495a9","hash":"3882c2b1171734968dcd1cd778cf2eff190b0298"},"C:\\Users\\Bexie\\Documents\\javascript-work\\storybook-learning\\src\\components\\navigation\\NavBarItem.js":{"path":"C:\\Users\\Bexie\\Documents\\javascript-work\\storybook-learning\\src\\components\\navigation\\NavBarItem.js","statementMap":{"0":{"start":{"line":7,"column":2},"end":{"line":11,"column":4}},"1":{"start":{"line":14,"column":0},"end":{"line":21,"column":2}},"2":{"start":{"line":23,"column":0},"end":{"line":26,"column":1}}},"fnMap":{"0":{"name":"NavBarItem","decl":{"start":{"line":6,"column":24},"end":{"line":6,"column":34}},"loc":{"start":{"line":6,"column":62},"end":{"line":12,"column":1}},"line":6}},"branchMap":{},"s":{"0":6,"1":2,"2":2},"f":{"0":6},"b":{},"_coverageSchema":"1a1c01bbd47fc00a2c39e90264f33305004495a9","hash":"21bdd23aab70f05b2c3d56292af968c8d1ec3d6f"},"C:\\Users\\Bexie\\Documents\\javascript-work\\storybook-learning\\src\\components\\navigation\\NavBar.js":{"path":"C:\\Users\\Bexie\\Documents\\javascript-work\\storybook-learning\\src\\components\\navigation\\NavBar.js","statementMap":{"0":{"start":{"line":11,"column":18},"end":{"line":11,"column":30}},"1":{"start":{"line":13,"column":19},"end":{"line":15,"column":3}},"2":{"start":{"line":14,"column":4},"end":{"line":14,"column":26}},"3":{"start":{"line":17,"column":2},"end":{"line":33,"column":4}},"4":{"start":{"line":29,"column":10},"end":{"line":29,"column":99}},"5":{"start":{"line":36,"column":0},"end":{"line":45,"column":2}},"6":{"start":{"line":47,"column":0},"end":{"line":51,"column":2}}},"fnMap":{"0":{"name":"NavBar","decl":{"start":{"line":10,"column":24},"end":{"line":10,"column":30}},"loc":{"start":{"line":10,"column":83},"end":{"line":34,"column":1}},"line":10},"1":{"name":"(anonymous_1)","decl":{"start":{"line":13,"column":19},"end":{"line":13,"column":20}},"loc":{"start":{"line":13,"column":33},"end":{"line":15,"column":3}},"line":13},"2":{"name":"(anonymous_2)","decl":{"start":{"line":28,"column":25},"end":{"line":28,"column":26}},"loc":{"start":{"line":29,"column":10},"end":{"line":29,"column":99}},"line":29}},"branchMap":{},"s":{"0":2,"1":2,"2":0,"3":2,"4":5,"5":2,"6":2},"f":{"0":2,"1":0,"2":5},"b":{},"_coverageSchema":"1a1c01bbd47fc00a2c39e90264f33305004495a9","hash":"88b67a320dc26a11f8a35f1c040d36530a30f0fb"},"C:\\Users\\Bexie\\Documents\\javascript-work\\storybook-learning\\src\\App.js":{"path":"C:\\Users\\Bexie\\Documents\\javascript-work\\storybook-learning\\src\\App.js","statementMap":{"0":{"start":{"line":12,"column":20},"end":{"line":15,"column":1}},"1":{"start":{"line":17,"column":14},"end":{"line":30,"column":1}},"2":{"start":{"line":33,"column":2},"end":{"line":49,"column":4}}},"fnMap":{"0":{"name":"App","decl":{"start":{"line":32,"column":9},"end":{"line":32,"column":12}},"loc":{"start":{"line":32,"column":15},"end":{"line":50,"column":1}},"line":32}},"branchMap":{},"s":{"0":1,"1":1,"2":1},"f":{"0":1},"b":{},"_coverageSchema":"1a1c01bbd47fc00a2c39e90264f33305004495a9","hash":"ae93eb1e99b61cc80e77aac7d6141153d3421380"},"C:\\Users\\Bexie\\Documents\\javascript-work\\storybook-learning\\src\\components\\displayResults\\Accordion.stories.js":{"path":"C:\\Users\\Bexie\\Documents\\javascript-work\\storybook-learning\\src\\components\\displayResults\\Accordion.stories.js","statementMap":{"0":{"start":{"line":9,"column":24},"end":{"line":9,"column":56}},"1":{"start":{"line":12,"column":17},"end":{"line":12,"column":59}},"2":{"start":{"line":12,"column":25},"end":{"line":12,"column":59}},"3":{"start":{"line":14,"column":23},"end":{"line":14,"column":40}},"4":{"start":{"line":15,"column":0},"end":{"line":28,"column":2}}},"fnMap":{"0":{"name":"(anonymous_0)","decl":{"start":{"line":9,"column":15},"end":{"line":9,"column":16}},"loc":{"start":{"line":9,"column":24},"end":{"line":9,"column":56}},"line":9},"1":{"name":"(anonymous_1)","decl":{"start":{"line":12,"column":17},"end":{"line":12,"column":18}},"loc":{"start":{"line":12,"column":25},"end":{"line":12,"column":59}},"line":12}},"branchMap":{},"s":{"0":1,"1":1,"2":1,"3":1,"4":1},"f":{"0":1,"1":1},"b":{},"_coverageSchema":"1a1c01bbd47fc00a2c39e90264f33305004495a9","hash":"a7d0e89560fcc9c9a535ea60a6f06abf55388785"},"C:\\Users\\Bexie\\Documents\\javascript-work\\storybook-learning\\src\\components\\displayResults\\MaterialUIAccordion.js":{"path":"C:\\Users\\Bexie\\Documents\\javascript-work\\storybook-learning\\src\\components\\displayResults\\MaterialUIAccordion.js","statementMap":{"0":{"start":{"line":10,"column":18},"end":{"line":15,"column":3}},"1":{"start":{"line":10,"column":41},"end":{"line":15,"column":1}},"2":{"start":{"line":18,"column":18},"end":{"line":18,"column":29}},"3":{"start":{"line":19,"column":44},"end":{"line":19,"column":59}},"4":{"start":{"line":21,"column":32},"end":{"line":23,"column":3}},"5":{"start":{"line":21,"column":43},"end":{"line":23,"column":3}},"6":{"start":{"line":22,"column":4},"end":{"line":22,"column":49}},"7":{"start":{"line":25,"column":2},"end":{"line":44,"column":4}},"8":{"start":{"line":28,"column":8},"end":{"line":41,"column":20}},"9":{"start":{"line":47,"column":0},"end":{"line":53,"column":1}}},"fnMap":{"0":{"name":"(anonymous_0)","decl":{"start":{"line":10,"column":29},"end":{"line":10,"column":30}},"loc":{"start":{"line":10,"column":41},"end":{"line":15,"column":1}},"line":10},"1":{"name":"SimpleAccordion","decl":{"start":{"line":17,"column":24},"end":{"line":17,"column":39}},"loc":{"start":{"line":17,"column":51},"end":{"line":45,"column":1}},"line":17},"2":{"name":"(anonymous_2)","decl":{"start":{"line":21,"column":32},"end":{"line":21,"column":33}},"loc":{"start":{"line":21,"column":43},"end":{"line":23,"column":3}},"line":21},"3":{"name":"(anonymous_3)","decl":{"start":{"line":21,"column":43},"end":{"line":21,"column":44}},"loc":{"start":{"line":21,"column":66},"end":{"line":23,"column":3}},"line":21},"4":{"name":"(anonymous_4)","decl":{"start":{"line":27,"column":17},"end":{"line":27,"column":18}},"loc":{"start":{"line":28,"column":8},"end":{"line":41,"column":20}},"line":28}},"branchMap":{"0":{"loc":{"start":{"line":22,"column":21},"end":{"line":22,"column":47}},"type":"cond-expr","locations":[{"start":{"line":22,"column":34},"end":{"line":22,"column":39}},{"start":{"line":22,"column":42},"end":{"line":22,"column":47}}],"line":22}},"s":{"0":1,"1":2,"2":2,"3":2,"4":2,"5":3,"6":0,"7":2,"8":3,"9":1},"f":{"0":2,"1":2,"2":3,"3":0,"4":3},"b":{"0":[0,0]},"_coverageSchema":"1a1c01bbd47fc00a2c39e90264f33305004495a9","hash":"08bc32624d003be5117714e8b2e4b59ad0915322"},"C:\\Users\\Bexie\\Documents\\javascript-work\\storybook-learning\\src\\components\\displayResults\\MaterialUIAccordion.stories.js":{"path":"C:\\Users\\Bexie\\Documents\\javascript-work\\storybook-learning\\src\\components\\displayResults\\MaterialUIAccordion.stories.js","statementMap":{"0":{"start":{"line":10,"column":17},"end":{"line":10,"column":51}},"1":{"start":{"line":10,"column":25},"end":{"line":10,"column":51}},"2":{"start":{"line":12,"column":23},"end":{"line":12,"column":40}},"3":{"start":{"line":13,"column":0},"end":{"line":21,"column":2}},"4":{"start":{"line":23,"column":24},"end":{"line":23,"column":41}},"5":{"start":{"line":24,"column":0},"end":{"line":33,"column":1}}},"fnMap":{"0":{"name":"(anonymous_0)","decl":{"start":{"line":10,"column":17},"end":{"line":10,"column":18}},"loc":{"start":{"line":10,"column":25},"end":{"line":10,"column":51}},"line":10}},"branchMap":{},"s":{"0":1,"1":2,"2":1,"3":1,"4":1,"5":1},"f":{"0":2},"b":{},"_coverageSchema":"1a1c01bbd47fc00a2c39e90264f33305004495a9","hash":"1c6cdd77de9409aee8b5baca7b683577414d3945"},"C:\\Users\\Bexie\\Documents\\javascript-work\\storybook-learning\\src\\components\\navigation\\NavBarItem.stories.js":{"path":"C:\\Users\\Bexie\\Documents\\javascript-work\\storybook-learning\\src\\components\\navigation\\NavBarItem.stories.js","statementMap":{"0":{"start":{"line":10,"column":17},"end":{"line":10,"column":49}},"1":{"start":{"line":10,"column":25},"end":{"line":10,"column":49}},"2":{"start":{"line":12,"column":23},"end":{"line":12,"column":40}},"3":{"start":{"line":13,"column":0},"end":{"line":17,"column":2}}},"fnMap":{"0":{"name":"(anonymous_0)","decl":{"start":{"line":10,"column":17},"end":{"line":10,"column":18}},"loc":{"start":{"line":10,"column":25},"end":{"line":10,"column":49}},"line":10}},"branchMap":{},"s":{"0":1,"1":1,"2":1,"3":1},"f":{"0":1},"b":{},"_coverageSchema":"1a1c01bbd47fc00a2c39e90264f33305004495a9","hash":"7989ecea19a2d88ae06a4eb948cef99624f1aaaf"},"C:\\Users\\Bexie\\Documents\\javascript-work\\storybook-learning\\src\\components\\navigation\\NavBar.stories.js":{"path":"C:\\Users\\Bexie\\Documents\\javascript-work\\storybook-learning\\src\\components\\navigation\\NavBar.stories.js","statementMap":{"0":{"start":{"line":10,"column":24},"end":{"line":10,"column":64}},"1":{"start":{"line":13,"column":17},"end":{"line":13,"column":45}},"2":{"start":{"line":13,"column":25},"end":{"line":13,"column":45}},"3":{"start":{"line":15,"column":23},"end":{"line":15,"column":40}},"4":{"start":{"line":16,"column":0},"end":{"line":25,"column":2}}},"fnMap":{"0":{"name":"(anonymous_0)","decl":{"start":{"line":10,"column":15},"end":{"line":10,"column":16}},"loc":{"start":{"line":10,"column":24},"end":{"line":10,"column":64}},"line":10},"1":{"name":"(anonymous_1)","decl":{"start":{"line":13,"column":17},"end":{"line":13,"column":18}},"loc":{"start":{"line":13,"column":25},"end":{"line":13,"column":45}},"line":13}},"branchMap":{},"s":{"0":1,"1":1,"2":1,"3":1,"4":1},"f":{"0":1,"1":1},"b":{},"_coverageSchema":"1a1c01bbd47fc00a2c39e90264f33305004495a9","hash":"ac8fb5aad5437383ed9c0209f54201a9c6819c9c"},"C:\\Users\\Bexie\\Documents\\javascript-work\\storybook-learning\\src\\components\\taskbox\\InboxScreen.stories.js":{"path":"C:\\Users\\Bexie\\Documents\\javascript-work\\storybook-learning\\src\\components\\taskbox\\InboxScreen.stories.js","statementMap":{"0":{"start":{"line":9,"column":14},"end":{"line":17,"column":1}},"1":{"start":{"line":11,"column":4},"end":{"line":13,"column":6}},"2":{"start":{"line":15,"column":19},"end":{"line":15,"column":20}},"3":{"start":{"line":21,"column":24},"end":{"line":21,"column":68}},"4":{"start":{"line":25,"column":17},"end":{"line":25,"column":54}},"5":{"start":{"line":25,"column":25},"end":{"line":25,"column":54}},"6":{"start":{"line":27,"column":23},"end":{"line":27,"column":40}},"7":{"start":{"line":29,"column":21},"end":{"line":29,"column":38}},"8":{"start":{"line":30,"column":0},"end":{"line":32,"column":2}}},"fnMap":{"0":{"name":"(anonymous_0)","decl":{"start":{"line":10,"column":12},"end":{"line":10,"column":13}},"loc":{"start":{"line":10,"column":18},"end":{"line":14,"column":3}},"line":10},"1":{"name":"(anonymous_1)","decl":{"start":{"line":15,"column":13},"end":{"line":15,"column":14}},"loc":{"start":{"line":15,"column":19},"end":{"line":15,"column":20}},"line":15},"2":{"name":"(anonymous_2)","decl":{"start":{"line":21,"column":15},"end":{"line":21,"column":16}},"loc":{"start":{"line":21,"column":24},"end":{"line":21,"column":68}},"line":21},"3":{"name":"(anonymous_3)","decl":{"start":{"line":25,"column":17},"end":{"line":25,"column":18}},"loc":{"start":{"line":25,"column":25},"end":{"line":25,"column":54}},"line":25}},"branchMap":{},"s":{"0":1,"1":6,"2":3,"3":2,"4":1,"5":2,"6":1,"7":1,"8":1},"f":{"0":6,"1":3,"2":2,"3":2},"b":{},"_coverageSchema":"1a1c01bbd47fc00a2c39e90264f33305004495a9","hash":"4eb74a0d4e03173686e73f05f1182cfaec7010f9"},"C:\\Users\\Bexie\\Documents\\javascript-work\\storybook-learning\\src\\index.js":{"path":"C:\\Users\\Bexie\\Documents\\javascript-work\\storybook-learning\\src\\index.js","statementMap":{"0":{"start":{"line":7,"column":0},"end":{"line":12,"column":2}},"1":{"start":{"line":17,"column":0},"end":{"line":17,"column":18}}},"fnMap":{},"branchMap":{},"s":{"0":0,"1":0},"f":{},"b":{}}}}