{"numFailedTestSuites":0,"numFailedTests":0,"numPassedTestSuites":3,"numPassedTests":12,"numPendingTestSuites":0,"numPendingTests":0,"numRuntimeErrorTestSuites":0,"numTodoTests":0,"numTotalTestSuites":3,"numTotalTests":12,"openHandles":[],"snapshot":{"added":0,"didUpdate":false,"failure":false,"filesAdded":0,"filesRemoved":0,"filesRemovedList":[],"filesUnmatched":0,"filesUpdated":0,"matched":10,"total":10,"unchecked":0,"uncheckedKeysByFile":[],"unmatched":0,"updated":0},"startTime":1626905901696,"success":true,"testResults":[{"assertionResults":[{"ancestorTitles":[],"failureMessages":[],"fullName":"renders learn react link","location":null,"status":"passed","title":"renders learn react link"}],"endTime":1626905904505,"message":"","name":"C:\\Users\\Bexie\\Documents\\javascript-work\\storybook-learning\\src\\App.test.js","startTime":1626905902884,"status":"passed","summary":""},{"assertionResults":[{"ancestorTitles":[],"failureMessages":[],"fullName":"renders pinned tasks at the start of the list","location":null,"status":"passed","title":"renders pinned tasks at the start of the list"}],"endTime":1626905904840,"message":"","name":"C:\\Users\\Bexie\\Documents\\javascript-work\\storybook-learning\\src\\components\\TaskList.test.js","startTime":1626905902877,"status":"passed","summary":""},{"assertionResults":[{"ancestorTitles":["Storyshots","InboxScreen"],"failureMessages":[],"fullName":"Storyshots InboxScreen Default","location":null,"status":"passed","title":"Default"},{"ancestorTitles":["Storyshots","InboxScreen"],"failureMessages":[],"fullName":"Storyshots InboxScreen Error","location":null,"status":"passed","title":"Error"},{"ancestorTitles":["Storyshots","Task"],"failureMessages":[],"fullName":"Storyshots Task Default","location":null,"status":"passed","title":"Default"},{"ancestorTitles":["Storyshots","Task"],"failureMessages":[],"fullName":"Storyshots Task Pinned","location":null,"status":"passed","title":"Pinned"},{"ancestorTitles":["Storyshots","Task"],"failureMessages":[],"fullName":"Storyshots Task Archived","location":null,"status":"passed","title":"Archived"},{"ancestorTitles":["Storyshots","Task"],"failureMessages":[],"fullName":"Storyshots Task Long Title","location":null,"status":"passed","title":"Long Title"},{"ancestorTitles":["Storyshots","TaskList"],"failureMessages":[],"fullName":"Storyshots TaskList Default","location":null,"status":"passed","title":"Default"},{"ancestorTitles":["Storyshots","TaskList"],"failureMessages":[],"fullName":"Storyshots TaskList With Pinned Tasks","location":null,"status":"passed","title":"With Pinned Tasks"},{"ancestorTitles":["Storyshots","TaskList"],"failureMessages":[],"fullName":"Storyshots TaskList Loading","location":null,"status":"passed","title":"Loading"},{"ancestorTitles":["Storyshots","TaskList"],"failureMessages":[],"fullName":"Storyshots TaskList Empty","location":null,"status":"passed","title":"Empty"}],"endTime":1626905906177,"message":"","name":"C:\\Users\\Bexie\\Documents\\javascript-work\\storybook-learning\\src\\storybook.test.js","startTime":1626905902883,"status":"passed","summary":""}],"wasInterrupted":false,"coverageMap":{"C:\\Users\\Bexie\\Documents\\javascript-work\\storybook-learning\\src\\lib\\redux.js":{"path":"C:\\Users\\Bexie\\Documents\\javascript-work\\storybook-learning\\src\\lib\\redux.js","statementMap":{"0":{"start":{"line":6,"column":23},"end":{"line":9,"column":1}},"1":{"start":{"line":12,"column":27},"end":{"line":12,"column":69}},"2":{"start":{"line":12,"column":34},"end":{"line":12,"column":68}},"3":{"start":{"line":13,"column":23},"end":{"line":13,"column":61}},"4":{"start":{"line":13,"column":30},"end":{"line":13,"column":60}},"5":{"start":{"line":17,"column":2},"end":{"line":24,"column":4}},"6":{"start":{"line":18,"column":4},"end":{"line":23,"column":6}},"7":{"start":{"line":21,"column":8},"end":{"line":21,"column":68}},"8":{"start":{"line":28,"column":23},"end":{"line":37,"column":1}},"9":{"start":{"line":29,"column":2},"end":{"line":36,"column":3}},"10":{"start":{"line":31,"column":6},"end":{"line":31,"column":62}},"11":{"start":{"line":33,"column":6},"end":{"line":33,"column":60}},"12":{"start":{"line":35,"column":6},"end":{"line":35,"column":19}},"13":{"start":{"line":41,"column":21},"end":{"line":46,"column":1}}},"fnMap":{"0":{"name":"(anonymous_0)","decl":{"start":{"line":12,"column":27},"end":{"line":12,"column":28}},"loc":{"start":{"line":12,"column":34},"end":{"line":12,"column":68}},"line":12},"1":{"name":"(anonymous_1)","decl":{"start":{"line":13,"column":23},"end":{"line":13,"column":24}},"loc":{"start":{"line":13,"column":30},"end":{"line":13,"column":60}},"line":13},"2":{"name":"taskStateReducer","decl":{"start":{"line":16,"column":9},"end":{"line":16,"column":25}},"loc":{"start":{"line":16,"column":37},"end":{"line":25,"column":1}},"line":16},"3":{"name":"(anonymous_3)","decl":{"start":{"line":17,"column":9},"end":{"line":17,"column":10}},"loc":{"start":{"line":17,"column":28},"end":{"line":24,"column":3}},"line":17},"4":{"name":"(anonymous_4)","decl":{"start":{"line":20,"column":29},"end":{"line":20,"column":30}},"loc":{"start":{"line":21,"column":8},"end":{"line":21,"column":68}},"line":21},"5":{"name":"(anonymous_5)","decl":{"start":{"line":28,"column":23},"end":{"line":28,"column":24}},"loc":{"start":{"line":28,"column":42},"end":{"line":37,"column":1}},"line":28}},"branchMap":{"0":{"loc":{"start":{"line":21,"column":8},"end":{"line":21,"column":68}},"type":"cond-expr","locations":[{"start":{"line":21,"column":32},"end":{"line":21,"column":61}},{"start":{"line":21,"column":64},"end":{"line":21,"column":68}}],"line":21},"1":{"loc":{"start":{"line":29,"column":2},"end":{"line":36,"column":3}},"type":"switch","locations":[{"start":{"line":30,"column":4},"end":{"line":31,"column":62}},{"start":{"line":32,"column":4},"end":{"line":33,"column":60}},{"start":{"line":34,"column":4},"end":{"line":35,"column":19}}],"line":29}},"s":{"0":3,"1":3,"2":0,"3":3,"4":0,"5":0,"6":0,"7":0,"8":3,"9":3,"10":0,"11":0,"12":3,"13":3},"f":{"0":0,"1":0,"2":0,"3":0,"4":0,"5":3},"b":{"0":[0,0],"1":[0,0,3]},"_coverageSchema":"1a1c01bbd47fc00a2c39e90264f33305004495a9","hash":"d333b94fce0af813604540a5544a7b4add300ca2"},"C:\\Users\\Bexie\\Documents\\javascript-work\\storybook-learning\\src\\components\\Task.js":{"path":"C:\\Users\\Bexie\\Documents\\javascript-work\\storybook-learning\\src\\components\\Task.js","statementMap":{"0":{"start":{"line":5,"column":2},"end":{"line":35,"column":4}},"1":{"start":{"line":14,"column":57},"end":{"line":14,"column":74}},"2":{"start":{"line":26,"column":49},"end":{"line":26,"column":72}},"3":{"start":{"line":29,"column":28},"end":{"line":29,"column":41}},"4":{"start":{"line":38,"column":0},"end":{"line":52,"column":2}}},"fnMap":{"0":{"name":"Task","decl":{"start":{"line":4,"column":24},"end":{"line":4,"column":28}},"loc":{"start":{"line":4,"column":87},"end":{"line":36,"column":1}},"line":4},"1":{"name":"(anonymous_1)","decl":{"start":{"line":14,"column":51},"end":{"line":14,"column":52}},"loc":{"start":{"line":14,"column":57},"end":{"line":14,"column":74}},"line":14},"2":{"name":"(anonymous_2)","decl":{"start":{"line":26,"column":40},"end":{"line":26,"column":41}},"loc":{"start":{"line":26,"column":49},"end":{"line":26,"column":72}},"line":26},"3":{"name":"(anonymous_3)","decl":{"start":{"line":29,"column":22},"end":{"line":29,"column":23}},"loc":{"start":{"line":29,"column":28},"end":{"line":29,"column":41}},"line":29}},"branchMap":{"0":{"loc":{"start":{"line":27,"column":9},"end":{"line":32,"column":9}},"type":"binary-expr","locations":[{"start":{"line":27,"column":9},"end":{"line":27,"column":34}},{"start":{"line":29,"column":10},"end":{"line":31,"column":14}}],"line":27}},"s":{"0":38,"1":0,"2":0,"3":0,"4":3},"f":{"0":38,"1":0,"2":0,"3":0},"b":{"0":[38,37]},"_coverageSchema":"1a1c01bbd47fc00a2c39e90264f33305004495a9","hash":"34735dd8a6146c32311c24b1bba6af077d62ec92"},"C:\\Users\\Bexie\\Documents\\javascript-work\\storybook-learning\\src\\components\\TaskList.js":{"path":"C:\\Users\\Bexie\\Documents\\javascript-work\\storybook-learning\\src\\components\\TaskList.js","statementMap":{"0":{"start":{"line":9,"column":17},"end":{"line":12,"column":3}},"1":{"start":{"line":15,"column":4},"end":{"line":20,"column":10}},"2":{"start":{"line":22,"column":2},"end":{"line":33,"column":3}},"3":{"start":{"line":23,"column":4},"end":{"line":32,"column":6}},"4":{"start":{"line":34,"column":2},"end":{"line":44,"column":3}},"5":{"start":{"line":35,"column":4},"end":{"line":43,"column":6}},"6":{"start":{"line":45,"column":23},"end":{"line":48,"column":3}},"7":{"start":{"line":46,"column":25},"end":{"line":46,"column":50}},"8":{"start":{"line":47,"column":25},"end":{"line":47,"column":50}},"9":{"start":{"line":49,"column":2},"end":{"line":55,"column":4}},"10":{"start":{"line":52,"column":8},"end":{"line":52,"column":54}},"11":{"start":{"line":58,"column":0},"end":{"line":67,"column":2}},"12":{"start":{"line":68,"column":0},"end":{"line":70,"column":2}},"13":{"start":{"line":73,"column":18},"end":{"line":75,"column":3}},"14":{"start":{"line":74,"column":29},"end":{"line":74,"column":82}},"15":{"start":{"line":76,"column":15},"end":{"line":79,"column":3}},"16":{"start":{"line":77,"column":25},"end":{"line":77,"column":50}},"17":{"start":{"line":78,"column":21},"end":{"line":78,"column":42}}},"fnMap":{"0":{"name":"PureTaskList","decl":{"start":{"line":8,"column":16},"end":{"line":8,"column":28}},"loc":{"start":{"line":8,"column":75},"end":{"line":56,"column":1}},"line":8},"1":{"name":"(anonymous_1)","decl":{"start":{"line":46,"column":20},"end":{"line":46,"column":21}},"loc":{"start":{"line":46,"column":25},"end":{"line":46,"column":50}},"line":46},"2":{"name":"(anonymous_2)","decl":{"start":{"line":47,"column":20},"end":{"line":47,"column":21}},"loc":{"start":{"line":47,"column":25},"end":{"line":47,"column":50}},"line":47},"3":{"name":"(anonymous_3)","decl":{"start":{"line":51,"column":24},"end":{"line":51,"column":25}},"loc":{"start":{"line":52,"column":8},"end":{"line":52,"column":54}},"line":52},"4":{"name":"(anonymous_4)","decl":{"start":{"line":73,"column":2},"end":{"line":73,"column":3}},"loc":{"start":{"line":73,"column":18},"end":{"line":75,"column":3}},"line":73},"5":{"name":"(anonymous_5)","decl":{"start":{"line":74,"column":24},"end":{"line":74,"column":25}},"loc":{"start":{"line":74,"column":29},"end":{"line":74,"column":82}},"line":74},"6":{"name":"(anonymous_6)","decl":{"start":{"line":76,"column":2},"end":{"line":76,"column":3}},"loc":{"start":{"line":76,"column":15},"end":{"line":79,"column":3}},"line":76},"7":{"name":"(anonymous_7)","decl":{"start":{"line":77,"column":19},"end":{"line":77,"column":20}},"loc":{"start":{"line":77,"column":25},"end":{"line":77,"column":50}},"line":77},"8":{"name":"(anonymous_8)","decl":{"start":{"line":78,"column":15},"end":{"line":78,"column":16}},"loc":{"start":{"line":78,"column":21},"end":{"line":78,"column":42}},"line":78}},"branchMap":{"0":{"loc":{"start":{"line":22,"column":2},"end":{"line":33,"column":3}},"type":"if","locations":[{"start":{"line":22,"column":2},"end":{"line":33,"column":3}},{"start":{"line":22,"column":2},"end":{"line":33,"column":3}}],"line":22},"1":{"loc":{"start":{"line":34,"column":2},"end":{"line":44,"column":3}},"type":"if","locations":[{"start":{"line":34,"column":2},"end":{"line":44,"column":3}},{"start":{"line":34,"column":2},"end":{"line":44,"column":3}}],"line":34},"2":{"loc":{"start":{"line":74,"column":29},"end":{"line":74,"column":82}},"type":"binary-expr","locations":[{"start":{"line":74,"column":29},"end":{"line":74,"column":53}},{"start":{"line":74,"column":57},"end":{"line":74,"column":82}}],"line":74}},"s":{"0":8,"1":8,"2":8,"3":1,"4":7,"5":1,"6":6,"7":34,"8":34,"9":6,"10":34,"11":3,"12":3,"13":3,"14":16,"15":2,"16":0,"17":0},"f":{"0":8,"1":34,"2":34,"3":34,"4":3,"5":16,"6":2,"7":0,"8":0},"b":{"0":[1,7],"1":[1,6],"2":[16,0]},"_coverageSchema":"1a1c01bbd47fc00a2c39e90264f33305004495a9","hash":"199e8426ffc7f26a56d7fad1d8909115563d5987"},"C:\\Users\\Bexie\\Documents\\javascript-work\\storybook-learning\\src\\components\\InboxScreen.js":{"path":"C:\\Users\\Bexie\\Documents\\javascript-work\\storybook-learning\\src\\components\\InboxScreen.js","statementMap":{"0":{"start":{"line":9,"column":2},"end":{"line":19,"column":3}},"1":{"start":{"line":10,"column":4},"end":{"line":18,"column":6}},"2":{"start":{"line":20,"column":2},"end":{"line":29,"column":4}},"3":{"start":{"line":32,"column":0},"end":{"line":35,"column":2}},"4":{"start":{"line":37,"column":0},"end":{"line":39,"column":2}},"5":{"start":{"line":41,"column":39},"end":{"line":41,"column":48}}},"fnMap":{"0":{"name":"PureInboxScreen","decl":{"start":{"line":8,"column":16},"end":{"line":8,"column":31}},"loc":{"start":{"line":8,"column":43},"end":{"line":30,"column":1}},"line":8},"1":{"name":"(anonymous_1)","decl":{"start":{"line":41,"column":23},"end":{"line":41,"column":24}},"loc":{"start":{"line":41,"column":39},"end":{"line":41,"column":48}},"line":41}},"branchMap":{"0":{"loc":{"start":{"line":9,"column":2},"end":{"line":19,"column":3}},"type":"if","locations":[{"start":{"line":9,"column":2},"end":{"line":19,"column":3}},{"start":{"line":9,"column":2},"end":{"line":19,"column":3}}],"line":9}},"s":{"0":3,"1":1,"2":2,"3":2,"4":2,"5":1},"f":{"0":3,"1":1},"b":{"0":[1,2]},"_coverageSchema":"1a1c01bbd47fc00a2c39e90264f33305004495a9","hash":"51c5d4ac269d69baed2a9c84be0d384219f67c6d"},"C:\\Users\\Bexie\\Documents\\javascript-work\\storybook-learning\\src\\App.js":{"path":"C:\\Users\\Bexie\\Documents\\javascript-work\\storybook-learning\\src\\App.js","statementMap":{"0":{"start":{"line":9,"column":2},"end":{"line":13,"column":4}}},"fnMap":{"0":{"name":"App","decl":{"start":{"line":8,"column":9},"end":{"line":8,"column":12}},"loc":{"start":{"line":8,"column":15},"end":{"line":14,"column":1}},"line":8}},"branchMap":{},"s":{"0":1},"f":{"0":1},"b":{},"_coverageSchema":"1a1c01bbd47fc00a2c39e90264f33305004495a9","hash":"d0edbcb2b7fc37b964774a52f9a39ac1c4226d2a"},"C:\\Users\\Bexie\\Documents\\javascript-work\\storybook-learning\\src\\components\\Task.stories.js":{"path":"C:\\Users\\Bexie\\Documents\\javascript-work\\storybook-learning\\src\\components\\Task.stories.js","statementMap":{"0":{"start":{"line":10,"column":17},"end":{"line":10,"column":43}},"1":{"start":{"line":10,"column":25},"end":{"line":10,"column":43}},"2":{"start":{"line":12,"column":23},"end":{"line":12,"column":40}},"3":{"start":{"line":13,"column":0},"end":{"line":20,"column":2}},"4":{"start":{"line":22,"column":22},"end":{"line":22,"column":39}},"5":{"start":{"line":23,"column":0},"end":{"line":28,"column":2}},"6":{"start":{"line":30,"column":24},"end":{"line":30,"column":41}},"7":{"start":{"line":31,"column":0},"end":{"line":36,"column":2}},"8":{"start":{"line":38,"column":24},"end":{"line":38,"column":288}},"9":{"start":{"line":40,"column":25},"end":{"line":40,"column":42}},"10":{"start":{"line":41,"column":0},"end":{"line":46,"column":2}}},"fnMap":{"0":{"name":"(anonymous_0)","decl":{"start":{"line":10,"column":17},"end":{"line":10,"column":18}},"loc":{"start":{"line":10,"column":25},"end":{"line":10,"column":43}},"line":10}},"branchMap":{},"s":{"0":2,"1":4,"2":2,"3":2,"4":2,"5":2,"6":2,"7":2,"8":2,"9":2,"10":2},"f":{"0":4},"b":{},"_coverageSchema":"1a1c01bbd47fc00a2c39e90264f33305004495a9","hash":"e8fa58afae277dfe797adacea210097d7ccb3421"},"C:\\Users\\Bexie\\Documents\\javascript-work\\storybook-learning\\src\\components\\TaskList.stories.js":{"path":"C:\\Users\\Bexie\\Documents\\javascript-work\\storybook-learning\\src\\components\\TaskList.stories.js","statementMap":{"0":{"start":{"line":11,"column":48},"end":{"line":11,"column":96}},"1":{"start":{"line":14,"column":17},"end":{"line":14,"column":51}},"2":{"start":{"line":14,"column":25},"end":{"line":14,"column":51}},"3":{"start":{"line":16,"column":23},"end":{"line":16,"column":40}},"4":{"start":{"line":17,"column":0},"end":{"line":28,"column":2}},"5":{"start":{"line":30,"column":31},"end":{"line":30,"column":48}},"6":{"start":{"line":31,"column":0},"end":{"line":38,"column":2}},"7":{"start":{"line":39,"column":0},"end":{"line":41,"column":1}},"8":{"start":{"line":43,"column":23},"end":{"line":43,"column":40}},"9":{"start":{"line":44,"column":0},"end":{"line":47,"column":2}},"10":{"start":{"line":49,"column":21},"end":{"line":49,"column":38}},"11":{"start":{"line":50,"column":0},"end":{"line":55,"column":2}}},"fnMap":{"0":{"name":"(anonymous_0)","decl":{"start":{"line":11,"column":39},"end":{"line":11,"column":40}},"loc":{"start":{"line":11,"column":48},"end":{"line":11,"column":96}},"line":11},"1":{"name":"(anonymous_1)","decl":{"start":{"line":14,"column":17},"end":{"line":14,"column":18}},"loc":{"start":{"line":14,"column":25},"end":{"line":14,"column":51}},"line":14}},"branchMap":{},"s":{"0":5,"1":2,"2":5,"3":2,"4":2,"5":2,"6":2,"7":2,"8":2,"9":2,"10":2,"11":2},"f":{"0":5,"1":5},"b":{},"_coverageSchema":"1a1c01bbd47fc00a2c39e90264f33305004495a9","hash":"91992d8172236f219142a1334b431c2ce7f8c4aa"},"C:\\Users\\Bexie\\Documents\\javascript-work\\storybook-learning\\src\\components\\InboxScreen.stories.js":{"path":"C:\\Users\\Bexie\\Documents\\javascript-work\\storybook-learning\\src\\components\\InboxScreen.stories.js","statementMap":{"0":{"start":{"line":9,"column":14},"end":{"line":17,"column":1}},"1":{"start":{"line":11,"column":4},"end":{"line":13,"column":6}},"2":{"start":{"line":15,"column":19},"end":{"line":15,"column":20}},"3":{"start":{"line":21,"column":24},"end":{"line":21,"column":68}},"4":{"start":{"line":25,"column":17},"end":{"line":25,"column":54}},"5":{"start":{"line":25,"column":25},"end":{"line":25,"column":54}},"6":{"start":{"line":27,"column":23},"end":{"line":27,"column":40}},"7":{"start":{"line":29,"column":21},"end":{"line":29,"column":38}},"8":{"start":{"line":30,"column":0},"end":{"line":32,"column":2}}},"fnMap":{"0":{"name":"(anonymous_0)","decl":{"start":{"line":10,"column":12},"end":{"line":10,"column":13}},"loc":{"start":{"line":10,"column":18},"end":{"line":14,"column":3}},"line":10},"1":{"name":"(anonymous_1)","decl":{"start":{"line":15,"column":13},"end":{"line":15,"column":14}},"loc":{"start":{"line":15,"column":19},"end":{"line":15,"column":20}},"line":15},"2":{"name":"(anonymous_2)","decl":{"start":{"line":21,"column":15},"end":{"line":21,"column":16}},"loc":{"start":{"line":21,"column":24},"end":{"line":21,"column":68}},"line":21},"3":{"name":"(anonymous_3)","decl":{"start":{"line":25,"column":17},"end":{"line":25,"column":18}},"loc":{"start":{"line":25,"column":25},"end":{"line":25,"column":54}},"line":25}},"branchMap":{},"s":{"0":1,"1":6,"2":3,"3":2,"4":1,"5":2,"6":1,"7":1,"8":1},"f":{"0":6,"1":3,"2":2,"3":2},"b":{},"_coverageSchema":"1a1c01bbd47fc00a2c39e90264f33305004495a9","hash":"c74eb836793e88bdc2538add0bd5bee85c01a082"},"C:\\Users\\Bexie\\Documents\\javascript-work\\storybook-learning\\src\\index.js":{"path":"C:\\Users\\Bexie\\Documents\\javascript-work\\storybook-learning\\src\\index.js","statementMap":{"0":{"start":{"line":7,"column":0},"end":{"line":12,"column":2}},"1":{"start":{"line":17,"column":0},"end":{"line":17,"column":18}}},"fnMap":{},"branchMap":{},"s":{"0":0,"1":0},"f":{},"b":{}},"C:\\Users\\Bexie\\Documents\\javascript-work\\storybook-learning\\src\\reportWebVitals.js":{"path":"C:\\Users\\Bexie\\Documents\\javascript-work\\storybook-learning\\src\\reportWebVitals.js","statementMap":{"0":{"start":{"line":1,"column":24},"end":{"line":11,"column":1}},"1":{"start":{"line":2,"column":2},"end":{"line":10,"column":3}},"2":{"start":{"line":3,"column":4},"end":{"line":9,"column":7}},"3":{"start":{"line":4,"column":6},"end":{"line":4,"column":26}},"4":{"start":{"line":5,"column":6},"end":{"line":5,"column":26}},"5":{"start":{"line":6,"column":6},"end":{"line":6,"column":26}},"6":{"start":{"line":7,"column":6},"end":{"line":7,"column":26}},"7":{"start":{"line":8,"column":6},"end":{"line":8,"column":27}}},"fnMap":{"0":{"name":"(anonymous_0)","decl":{"start":{"line":1,"column":24},"end":{"line":1,"column":25}},"loc":{"start":{"line":1,"column":39},"end":{"line":11,"column":1}},"line":1},"1":{"name":"(anonymous_1)","decl":{"start":{"line":3,"column":30},"end":{"line":3,"column":31}},"loc":{"start":{"line":3,"column":79},"end":{"line":9,"column":5}},"line":3}},"branchMap":{"0":{"loc":{"start":{"line":2,"column":2},"end":{"line":10,"column":3}},"type":"if","locations":[{"start":{"line":2,"column":2},"end":{"line":10,"column":3}},{"start":{"line":2,"column":2},"end":{"line":10,"column":3}}],"line":2},"1":{"loc":{"start":{"line":2,"column":6},"end":{"line":2,"column":52}},"type":"binary-expr","locations":[{"start":{"line":2,"column":6},"end":{"line":2,"column":17}},{"start":{"line":2,"column":21},"end":{"line":2,"column":52}}],"line":2}},"s":{"0":0,"1":0,"2":0,"3":0,"4":0,"5":0,"6":0,"7":0},"f":{"0":0,"1":0},"b":{"0":[0,0],"1":[0,0]}}}}